<?xml version="1.0" encoding="UTF-8"?>
<testsuite xmlns:xsi="http://www.w3.org/2001/XMLSchema-instance" xsi:noNamespaceSchemaLocation="https://maven.apache.org/surefire/maven-surefire-plugin/xsd/surefire-test-report.xsd" name="TestSuite" time="9.122" tests="1" errors="0" skipped="0" failures="0">
  <properties>
    <property name="java.specification.version" value="15"/>
    <property name="sun.cpu.isalist" value="amd64"/>
    <property name="sun.jnu.encoding" value="Cp1252"/>
    <property name="java.class.path" value="C:\Users\OrliCohen\eclipse-workspace\mavenProject\target\test-classes;C:\Users\OrliCohen\eclipse-workspace\mavenProject\target\classes;C:\Users\OrliCohen\.m2\repository\org\seleniumhq\selenium\selenium-java\3.141.59\selenium-java-3.141.59.jar;C:\Users\OrliCohen\.m2\repository\org\seleniumhq\selenium\selenium-api\3.141.59\selenium-api-3.141.59.jar;C:\Users\OrliCohen\.m2\repository\org\seleniumhq\selenium\selenium-chrome-driver\3.141.59\selenium-chrome-driver-3.141.59.jar;C:\Users\OrliCohen\.m2\repository\org\seleniumhq\selenium\selenium-edge-driver\3.141.59\selenium-edge-driver-3.141.59.jar;C:\Users\OrliCohen\.m2\repository\org\seleniumhq\selenium\selenium-firefox-driver\3.141.59\selenium-firefox-driver-3.141.59.jar;C:\Users\OrliCohen\.m2\repository\org\seleniumhq\selenium\selenium-ie-driver\3.141.59\selenium-ie-driver-3.141.59.jar;C:\Users\OrliCohen\.m2\repository\org\seleniumhq\selenium\selenium-opera-driver\3.141.59\selenium-opera-driver-3.141.59.jar;C:\Users\OrliCohen\.m2\repository\org\seleniumhq\selenium\selenium-remote-driver\3.141.59\selenium-remote-driver-3.141.59.jar;C:\Users\OrliCohen\.m2\repository\org\seleniumhq\selenium\selenium-safari-driver\3.141.59\selenium-safari-driver-3.141.59.jar;C:\Users\OrliCohen\.m2\repository\org\seleniumhq\selenium\selenium-support\3.141.59\selenium-support-3.141.59.jar;C:\Users\OrliCohen\.m2\repository\net\bytebuddy\byte-buddy\1.8.15\byte-buddy-1.8.15.jar;C:\Users\OrliCohen\.m2\repository\org\apache\commons\commons-exec\1.3\commons-exec-1.3.jar;C:\Users\OrliCohen\.m2\repository\com\google\guava\guava\25.0-jre\guava-25.0-jre.jar;C:\Users\OrliCohen\.m2\repository\com\google\code\findbugs\jsr305\1.3.9\jsr305-1.3.9.jar;C:\Users\OrliCohen\.m2\repository\org\checkerframework\checker-compat-qual\2.0.0\checker-compat-qual-2.0.0.jar;C:\Users\OrliCohen\.m2\repository\com\google\errorprone\error_prone_annotations\2.1.3\error_prone_annotations-2.1.3.jar;C:\Users\OrliCohen\.m2\repository\com\google\j2objc\j2objc-annotations\1.1\j2objc-annotations-1.1.jar;C:\Users\OrliCohen\.m2\repository\org\codehaus\mojo\animal-sniffer-annotations\1.14\animal-sniffer-annotations-1.14.jar;C:\Users\OrliCohen\.m2\repository\com\squareup\okhttp3\okhttp\3.11.0\okhttp-3.11.0.jar;C:\Users\OrliCohen\.m2\repository\com\squareup\okio\okio\1.14.0\okio-1.14.0.jar;C:\Users\OrliCohen\.m2\repository\org\testng\testng\6.14.3\testng-6.14.3.jar;C:\Users\OrliCohen\.m2\repository\com\beust\jcommander\1.72\jcommander-1.72.jar;C:\Users\OrliCohen\.m2\repository\org\apache-extras\beanshell\bsh\2.0b6\bsh-2.0b6.jar;C:\Users\OrliCohen\.m2\repository\org\apache\logging\log4j\log4j-core\2.13.3\log4j-core-2.13.3.jar;C:\Users\OrliCohen\.m2\repository\org\apache\logging\log4j\log4j-api\2.13.3\log4j-api-2.13.3.jar;C:\Users\OrliCohen\.m2\repository\org\apache\poi\poi\3.17\poi-3.17.jar;C:\Users\OrliCohen\.m2\repository\commons-codec\commons-codec\1.10\commons-codec-1.10.jar;C:\Users\OrliCohen\.m2\repository\org\apache\commons\commons-collections4\4.1\commons-collections4-4.1.jar;C:\Users\OrliCohen\.m2\repository\org\apache\poi\poi-ooxml\3.17\poi-ooxml-3.17.jar;C:\Users\OrliCohen\.m2\repository\org\apache\poi\poi-ooxml-schemas\3.17\poi-ooxml-schemas-3.17.jar;C:\Users\OrliCohen\.m2\repository\org\apache\xmlbeans\xmlbeans\2.6.0\xmlbeans-2.6.0.jar;C:\Users\OrliCohen\.m2\repository\stax\stax-api\1.0.1\stax-api-1.0.1.jar;C:\Users\OrliCohen\.m2\repository\com\github\virtuald\curvesapi\1.04\curvesapi-1.04.jar;C:\Users\OrliCohen\.m2\repository\org\uncommons\reportng\1.1.4\reportng-1.1.4.jar;C:\Users\OrliCohen\.m2\repository\velocity\velocity\1.4\velocity-1.4.jar;C:\Users\OrliCohen\.m2\repository\velocity\velocity-dep\1.4\velocity-dep-1.4.jar;C:\Users\OrliCohen\.m2\repository\commons-io\commons-io\2.8.0\commons-io-2.8.0.jar;C:\Users\OrliCohen\.m2\repository\com\google\inject\guice\4.2.3\guice-4.2.3.jar;C:\Users\OrliCohen\.m2\repository\javax\inject\javax.inject\1\javax.inject-1.jar;C:\Users\OrliCohen\.m2\repository\aopalliance\aopalliance\1.0\aopalliance-1.0.jar;C:\Users\OrliCohen\.m2\repository\cglib\cglib\3.3.0\cglib-3.3.0.jar;C:\Users\OrliCohen\.m2\repository\org\ow2\asm\asm\7.1\asm-7.1.jar;C:\Users\OrliCohen\.m2\repository\ch\ethz\ganymed\ganymed-ssh2\262\ganymed-ssh2-262.jar;C:\Users\OrliCohen\.m2\repository\org\apache\maven\surefire\surefire-testng-utils\2.22.0\surefire-testng-utils-2.22.0.jar;C:\Users\OrliCohen\.m2\repository\org\apache\maven\surefire\surefire-grouper\2.22.0\surefire-grouper-2.22.0.jar;"/>
    <property name="java.vm.vendor" value="Oracle Corporation"/>
    <property name="sun.arch.data.model" value="64"/>
    <property name="user.variant" value=""/>
    <property name="java.vendor.url" value="https://java.oracle.com/"/>
    <property name="user.timezone" value="Asia/Jerusalem"/>
    <property name="user.country.format" value="IL"/>
    <property name="os.name" value="Windows 10"/>
    <property name="java.vm.specification.version" value="15"/>
    <property name="sun.java.launcher" value="SUN_STANDARD"/>
    <property name="user.country" value="US"/>
    <property name="sun.boot.library.path" value="C:\Program Files\Java\jdk-15.0.1\bin"/>
    <property name="sun.java.command" value="C:\Users\ORLICO~1\AppData\Local\Temp\surefire13859756023978618077\surefirebooter8791827172669445799.jar C:\Users\OrliCohen\AppData\Local\Temp\surefire13859756023978618077 2020-12-01T22-28-28_619-jvmRun1 surefire14746319019828350512tmp surefire_03103951803176726162tmp"/>
    <property name="jdk.debug" value="release"/>
    <property name="surefire.test.class.path" value="C:\Users\OrliCohen\eclipse-workspace\mavenProject\target\test-classes;C:\Users\OrliCohen\eclipse-workspace\mavenProject\target\classes;C:\Users\OrliCohen\.m2\repository\org\seleniumhq\selenium\selenium-java\3.141.59\selenium-java-3.141.59.jar;C:\Users\OrliCohen\.m2\repository\org\seleniumhq\selenium\selenium-api\3.141.59\selenium-api-3.141.59.jar;C:\Users\OrliCohen\.m2\repository\org\seleniumhq\selenium\selenium-chrome-driver\3.141.59\selenium-chrome-driver-3.141.59.jar;C:\Users\OrliCohen\.m2\repository\org\seleniumhq\selenium\selenium-edge-driver\3.141.59\selenium-edge-driver-3.141.59.jar;C:\Users\OrliCohen\.m2\repository\org\seleniumhq\selenium\selenium-firefox-driver\3.141.59\selenium-firefox-driver-3.141.59.jar;C:\Users\OrliCohen\.m2\repository\org\seleniumhq\selenium\selenium-ie-driver\3.141.59\selenium-ie-driver-3.141.59.jar;C:\Users\OrliCohen\.m2\repository\org\seleniumhq\selenium\selenium-opera-driver\3.141.59\selenium-opera-driver-3.141.59.jar;C:\Users\OrliCohen\.m2\repository\org\seleniumhq\selenium\selenium-remote-driver\3.141.59\selenium-remote-driver-3.141.59.jar;C:\Users\OrliCohen\.m2\repository\org\seleniumhq\selenium\selenium-safari-driver\3.141.59\selenium-safari-driver-3.141.59.jar;C:\Users\OrliCohen\.m2\repository\org\seleniumhq\selenium\selenium-support\3.141.59\selenium-support-3.141.59.jar;C:\Users\OrliCohen\.m2\repository\net\bytebuddy\byte-buddy\1.8.15\byte-buddy-1.8.15.jar;C:\Users\OrliCohen\.m2\repository\org\apache\commons\commons-exec\1.3\commons-exec-1.3.jar;C:\Users\OrliCohen\.m2\repository\com\google\guava\guava\25.0-jre\guava-25.0-jre.jar;C:\Users\OrliCohen\.m2\repository\com\google\code\findbugs\jsr305\1.3.9\jsr305-1.3.9.jar;C:\Users\OrliCohen\.m2\repository\org\checkerframework\checker-compat-qual\2.0.0\checker-compat-qual-2.0.0.jar;C:\Users\OrliCohen\.m2\repository\com\google\errorprone\error_prone_annotations\2.1.3\error_prone_annotations-2.1.3.jar;C:\Users\OrliCohen\.m2\repository\com\google\j2objc\j2objc-annotations\1.1\j2objc-annotations-1.1.jar;C:\Users\OrliCohen\.m2\repository\org\codehaus\mojo\animal-sniffer-annotations\1.14\animal-sniffer-annotations-1.14.jar;C:\Users\OrliCohen\.m2\repository\com\squareup\okhttp3\okhttp\3.11.0\okhttp-3.11.0.jar;C:\Users\OrliCohen\.m2\repository\com\squareup\okio\okio\1.14.0\okio-1.14.0.jar;C:\Users\OrliCohen\.m2\repository\org\testng\testng\6.14.3\testng-6.14.3.jar;C:\Users\OrliCohen\.m2\repository\com\beust\jcommander\1.72\jcommander-1.72.jar;C:\Users\OrliCohen\.m2\repository\org\apache-extras\beanshell\bsh\2.0b6\bsh-2.0b6.jar;C:\Users\OrliCohen\.m2\repository\org\apache\logging\log4j\log4j-core\2.13.3\log4j-core-2.13.3.jar;C:\Users\OrliCohen\.m2\repository\org\apache\logging\log4j\log4j-api\2.13.3\log4j-api-2.13.3.jar;C:\Users\OrliCohen\.m2\repository\org\apache\poi\poi\3.17\poi-3.17.jar;C:\Users\OrliCohen\.m2\repository\commons-codec\commons-codec\1.10\commons-codec-1.10.jar;C:\Users\OrliCohen\.m2\repository\org\apache\commons\commons-collections4\4.1\commons-collections4-4.1.jar;C:\Users\OrliCohen\.m2\repository\org\apache\poi\poi-ooxml\3.17\poi-ooxml-3.17.jar;C:\Users\OrliCohen\.m2\repository\org\apache\poi\poi-ooxml-schemas\3.17\poi-ooxml-schemas-3.17.jar;C:\Users\OrliCohen\.m2\repository\org\apache\xmlbeans\xmlbeans\2.6.0\xmlbeans-2.6.0.jar;C:\Users\OrliCohen\.m2\repository\stax\stax-api\1.0.1\stax-api-1.0.1.jar;C:\Users\OrliCohen\.m2\repository\com\github\virtuald\curvesapi\1.04\curvesapi-1.04.jar;C:\Users\OrliCohen\.m2\repository\org\uncommons\reportng\1.1.4\reportng-1.1.4.jar;C:\Users\OrliCohen\.m2\repository\velocity\velocity\1.4\velocity-1.4.jar;C:\Users\OrliCohen\.m2\repository\velocity\velocity-dep\1.4\velocity-dep-1.4.jar;C:\Users\OrliCohen\.m2\repository\commons-io\commons-io\2.8.0\commons-io-2.8.0.jar;C:\Users\OrliCohen\.m2\repository\com\google\inject\guice\4.2.3\guice-4.2.3.jar;C:\Users\OrliCohen\.m2\repository\javax\inject\javax.inject\1\javax.inject-1.jar;C:\Users\OrliCohen\.m2\repository\aopalliance\aopalliance\1.0\aopalliance-1.0.jar;C:\Users\OrliCohen\.m2\repository\cglib\cglib\3.3.0\cglib-3.3.0.jar;C:\Users\OrliCohen\.m2\repository\org\ow2\asm\asm\7.1\asm-7.1.jar;C:\Users\OrliCohen\.m2\repository\ch\ethz\ganymed\ganymed-ssh2\262\ganymed-ssh2-262.jar;C:\Users\OrliCohen\.m2\repository\org\apache\maven\surefire\surefire-testng-utils\2.22.0\surefire-testng-utils-2.22.0.jar;C:\Users\OrliCohen\.m2\repository\org\apache\maven\surefire\surefire-grouper\2.22.0\surefire-grouper-2.22.0.jar;"/>
    <property name="sun.cpu.endian" value="little"/>
    <property name="user.home" value="C:\Users\OrliCohen"/>
    <property name="user.language" value="en"/>
    <property name="java.specification.vendor" value="Oracle Corporation"/>
    <property name="java.version.date" value="2020-10-20"/>
    <property name="java.home" value="C:\Program Files\Java\jdk-15.0.1"/>
    <property name="file.separator" value="\"/>
    <property name="basedir" value="C:\Users\OrliCohen\eclipse-workspace\mavenProject"/>
    <property name="java.vm.compressedOopsMode" value="32-bit"/>
    <property name="line.separator" value="&#10;"/>
    <property name="java.vm.specification.vendor" value="Oracle Corporation"/>
    <property name="java.specification.name" value="Java Platform API Specification"/>
    <property name="surefire.real.class.path" value="C:\Users\ORLICO~1\AppData\Local\Temp\surefire13859756023978618077\surefirebooter8791827172669445799.jar"/>
    <property name="user.script" value=""/>
    <property name="sun.management.compiler" value="HotSpot 64-Bit Tiered Compilers"/>
    <property name="java.runtime.version" value="15.0.1+9-18"/>
    <property name="user.name" value="OrliCohen"/>
    <property name="path.separator" value=";"/>
    <property name="os.version" value="10.0"/>
    <property name="java.runtime.name" value="Java(TM) SE Runtime Environment"/>
    <property name="file.encoding" value="Cp1255"/>
    <property name="java.vm.name" value="Java HotSpot(TM) 64-Bit Server VM"/>
    <property name="localRepository" value="C:\Users\OrliCohen\.m2\repository"/>
    <property name="java.vendor.url.bug" value="https://bugreport.java.com/bugreport/"/>
    <property name="java.io.tmpdir" value="C:\Users\ORLICO~1\AppData\Local\Temp\"/>
    <property name="java.version" value="15.0.1"/>
    <property name="user.dir" value="C:\Users\OrliCohen\eclipse-workspace\mavenProject"/>
    <property name="os.arch" value="amd64"/>
    <property name="java.vm.specification.name" value="Java Virtual Machine Specification"/>
    <property name="user.language.format" value="he"/>
    <property name="sun.os.patch.level" value=""/>
    <property name="java.library.path" value="C:\Program Files\Java\jdk-15.0.1\bin;C:\windows\Sun\Java\bin;C:\windows\system32;C:\windows;C:\Program Files\Common Files\Oracle\Java\javapath;C:\windows\system32;C:\windows;C:\windows\System32\Wbem;C:\windows\System32\WindowsPowerShell\v1.0\;C:\windows\System32\OpenSSH\;C:\Program Files\Intel\WiFi\bin\;C:\Program Files\Common Files\Intel\WirelessCommon\;C:\Program Files\IBM\Trace Facility;C:\Program Files\IBM\Personal Communications\;C:\Users\OrliCohen\Downloads\apache-maven-3.6.3\bin;C:\Users\OrliCohen\AppData\Local\Microsoft\WindowsApps;;."/>
    <property name="java.vm.info" value="mixed mode, sharing"/>
    <property name="java.vendor" value="Oracle Corporation"/>
    <property name="java.vm.version" value="15.0.1+9-18"/>
    <property name="sun.io.unicode.encoding" value="UnicodeLittle"/>
    <property name="java.class.version" value="59.0"/>
  </properties>
  <testcase name="test1" classname="testNG1.NewTest" time="0.232"/>
</testsuite>