<?xml version="1.0" encoding="UTF-8"?>
<!-- Generated by org.testng.reporters.JUnitReportReporter -->
<testsuite hostname="DESKTOP-GI7O8GN" failures="0" tests="1" name="testNG1.NewTest" time="1.234" errors="0" timestamp="2020-12-01T20:44:34 IST" skipped="0">
  <testcase classname="testNG1.NewTest" name="test1" time="1.234"/>
  <system-out>
is good!!!  </system-out>
</testsuite> <!-- testNG1.NewTest -->
