<?xml version="1.0" encoding="UTF-8"?>
<!-- Generated by org.testng.reporters.JUnitReportReporter -->
<testsuite hostname="DESKTOP-GI7O8GN" failures="0" tests="1" name="testNG1.NewTest" time="1.729" errors="0" timestamp="01 דצמ׳ 2020 20:28:38 GMT" skipped="0">
  <testcase classname="testNG1.NewTest" name="test1" time="1.729"/>
</testsuite> <!-- testNG1.NewTest -->
